<?xml version="1.0" encoding="UTF-8"?>
<!-- Generated by org.testng.reporters.JUnitReportReporter -->
<testsuite hostname="IN-BAV-L0832" failures="0" tests="1" name="chromeOption.UnTrustedCertificate" time="7.054" errors="0" timestamp="2021-02-16T15:57:46 IST" skipped="0">
  <testcase classname="chromeOption.UnTrustedCertificate" name="unTrustedCerti" time="7.054"/>
  <system-out/>
</testsuite> <!-- chromeOption.UnTrustedCertificate -->
