<?xml version="1.0" encoding="UTF-8"?>
<!-- Generated by org.testng.reporters.JUnitReportReporter -->
<testsuite hostname="IN-BAV-L0832" failures="0" tests="1" name="seleniumScreenshot.FacebookScreenshot" time="11.077" errors="0" timestamp="2021-02-12T14:45:51 IST" skipped="0">
  <testcase classname="seleniumScreenshot.FacebookScreenshot" name="captureScreenshot" time="11.077"/>
  <system-out/>
</testsuite> <!-- seleniumScreenshot.FacebookScreenshot -->
