<?xml version="1.0" encoding="UTF-8"?>
<!-- Generated by org.testng.reporters.JUnitReportReporter -->
<testsuite hostname="IN-BAV-L0832" failures="0" tests="1" name="iFrameDemo.HandleMultipleWindows2" time="9.013" errors="0" timestamp="2021-02-14T18:58:46 IST" skipped="0">
  <testcase classname="iFrameDemo.HandleMultipleWindows2" name="HandleWindows1" time="9.013"/>
  <system-out/>
</testsuite> <!-- iFrameDemo.HandleMultipleWindows2 -->
