<?xml version="1.0" encoding="UTF-8"?>
<!-- Generated by org.testng.reporters.JUnitReportReporter -->
<testsuite hostname="IN-BAV-L0832" failures="0" tests="1" name="jenkins.demo.jenkinsTests" time="0.008" errors="0" timestamp="2021-03-03T18:24:16 IST" skipped="0">
  <testcase classname="jenkins.demo.jenkinsTests" name="test" time="0.008"/>
  <system-out/>
</testsuite> <!-- jenkins.demo.jenkinsTests -->
