<?xml version="1.0" encoding="UTF-8"?>
<!-- Generated by org.testng.reporters.JUnitReportReporter -->
<testsuite hostname="IN-BAV-L0832" failures="0" tests="1" name="XSLT.Reports.report1" time="11.608" errors="0" timestamp="2021-02-24T15:39:01 IST" skipped="0">
  <testcase classname="XSLT.Reports.report1" name="Verifytitle" time="11.608"/>
  <system-out/>
</testsuite> <!-- XSLT.Reports.report1 -->
