<?xml version="1.0" encoding="UTF-8"?>
<!-- Generated by org.testng.reporters.JUnitReportReporter -->
<testsuite hostname="IN-BAV-L0832" failures="0" tests="1" name="pOM.Assignements.Testing" time="13.448" errors="0" timestamp="2021-02-23T11:30:56 IST" skipped="0">
  <testcase classname="pOM.Assignements.Testing" name="VerifyLogin" time="13.448"/>
  <system-out/>
</testsuite> <!-- pOM.Assignements.Testing -->
