<?xml version="1.0" encoding="UTF-8"?>
<!-- Generated by org.testng.reporters.JUnitReportReporter -->
<testsuite hostname="IN-BAV-L0832" failures="0" tests="1" name="openRepository.DemoOR" time="17.994" errors="0" timestamp="2021-02-18T19:17:56 IST" skipped="0">
  <testcase classname="openRepository.DemoOR" name="TestOrangeLoginPage" time="17.994"/>
  <system-out/>
</testsuite> <!-- openRepository.DemoOR -->
