<?xml version="1.0" encoding="UTF-8"?>
<!-- Generated by org.testng.reporters.JUnitReportReporter -->
<testsuite hostname="IN-BAV-L0832" failures="0" tests="1" name="windowSwitching.HandleWindowSwitch" time="59.960" errors="0" timestamp="2021-02-17T11:32:49 IST" skipped="0">
  <testcase classname="windowSwitching.HandleWindowSwitch" name="test" time="59.960"/>
  <system-out/>
</testsuite> <!-- windowSwitching.HandleWindowSwitch -->
