<?xml version="1.0" encoding="UTF-8"?>
<!-- Generated by org.testng.reporters.JUnitReportReporter -->
<testsuite hostname="IN-BAV-L0832" failures="0" tests="1" name="iFrameDemo.HandleMultipleWindows" time="20.404" errors="0" timestamp="2021-02-14T18:43:51 IST" skipped="0">
  <testcase classname="iFrameDemo.HandleMultipleWindows" name="HandleWindows1" time="20.404"/>
  <system-out/>
</testsuite> <!-- iFrameDemo.HandleMultipleWindows -->
