<?xml version="1.0" encoding="UTF-8"?>
<!-- Generated by org.testng.reporters.JUnitReportReporter -->
<testsuite hostname="IN-BAV-L0832" failures="0" tests="1" name="autoIT.AuthnPopup" time="7.417" errors="0" timestamp="2021-02-17T10:57:32 IST" skipped="0">
  <testcase classname="autoIT.AuthnPopup" name="test" time="7.417"/>
  <system-out/>
</testsuite> <!-- autoIT.AuthnPopup -->
