<?xml version="1.0" encoding="UTF-8"?>
<!-- Generated by org.testng.reporters.JUnitReportReporter -->
<testsuite hostname="IN-BAV-L0832" failures="0" tests="1" name="chromeOption.ChromeOptionDemo" time="5.549" errors="0" timestamp="2021-02-16T14:57:54 IST" skipped="0">
  <testcase classname="chromeOption.ChromeOptionDemo" name="chromeOptions" time="5.549"/>
  <system-out/>
</testsuite> <!-- chromeOption.ChromeOptionDemo -->
