<?xml version="1.0" encoding="UTF-8"?>
<!-- Generated by org.testng.reporters.JUnitReportReporter -->
<testsuite hostname="IN-BAV-L0832" failures="0" tests="1" name="Selenium.Alerts.DemoAlert" time="16.330" errors="0" timestamp="2021-02-12T17:56:12 IST" skipped="0">
  <testcase classname="Selenium.Alerts.DemoAlert" name="handleAlert" time="16.330"/>
  <system-out/>
</testsuite> <!-- Selenium.Alerts.DemoAlert -->
