<?xml version="1.0" encoding="UTF-8"?>
<!-- Generated by org.testng.reporters.JUnitReportReporter -->
<testsuite hostname="IN-BAV-L0832" failures="0" tests="1" name="Selenium.Alerts.ConfirmBoxAlerts" time="16.655" errors="0" timestamp="2021-02-24T18:55:37 IST" skipped="0">
  <testcase classname="Selenium.Alerts.ConfirmBoxAlerts" name="ConfirmAlert" time="16.655"/>
  <system-out/>
</testsuite> <!-- Selenium.Alerts.ConfirmBoxAlerts -->
