<?xml version="1.0" encoding="UTF-8"?>
<!-- Generated by org.testng.reporters.JUnitReportReporter -->
<testsuite hostname="IN-BAV-L0832" failures="0" tests="1" name="webTablesConcepts.DatePickerDemo" time="10.090" errors="0" timestamp="2021-02-16T16:24:03 IST" skipped="0">
  <testcase classname="webTablesConcepts.DatePickerDemo" name="test" time="10.090"/>
  <system-out/>
</testsuite> <!-- webTablesConcepts.DatePickerDemo -->
