<?xml version="1.0" encoding="UTF-8"?>
<!-- Generated by org.testng.reporters.JUnitReportReporter -->
<testsuite hostname="IN-BAV-L0832" failures="0" tests="1" name="autoIT.DownloadFile" time="3.258" errors="0" timestamp="2021-02-17T11:05:59 IST" skipped="0">
  <testcase classname="autoIT.DownloadFile" name="test" time="3.258"/>
  <system-out/>
</testsuite> <!-- autoIT.DownloadFile -->
